{"message":"Unauthorized request to path: /","level":"error"}
{"message":"Unauthorized request to path: /","level":"error"}
{"message":"Unauthorized request to path: /%20card","level":"error"}
{"message":"Unauthorized request to path: /%20card","level":"error"}
{"message":"Unauthorized request to path: /%20card","level":"error"}
{"message":"Unauthorized request to path: /%20card","level":"error"}
{"message":"Unauthorized request to path: /%20card","level":"error"}
{"message":"Unauthorized request to path: /%20card","level":"error"}
{"message":"Card with id 9ac3bd40-6b2b-4d63-87a4-a8c1e5111f96 created","level":"info"}
{"message":"Title is required","level":"error"}
{"message":"Content is required","level":"error"}
{"message":"Card with id 46ebafed-99a2-43d7-a9e0-93a26f156050 created","level":"info"}
{"message":"List with id 1018ccd5-1f4e-4669-8c18-e1177346a8af created","level":"info"}
{"message":"List with id 086f38a6-027a-4946-b9c4-7c847e9d1261 created","level":"info"}
{"message":"List with id 086a0df3-4b6d-4947-b7d8-07831f6a4f17 created","level":"info"}
{"message":"List with id e8f0f0f9-4059-4ea4-bd00-9201cb091c8f created","level":"info"}
{"message":"Card with id 2 not found in cards array","level":"error"}
{"message":"Card with id 3 not found in cards array","level":"error"}
{"message":"List with id 2d40709b-cc41-47a9-b222-431cdc92fdb0 created","level":"info"}
{"message":"Card with id 2 not found in cards array","level":"error"}
{"message":"Card with id 2 not found in cards array.","level":"error"}
{"message":"List with id bbdeb4be-6a88-46f6-b4fb-104d51d599e7 created","level":"info"}
{"message":"Card with id 3 not found in cards array.","level":"error"}
{"message":"Unauthorized request to path: /card/3e8d065d-fa2f-4f88-be06-0655491766d4","level":"error"}
{"message":"Unauthorized request to path: /card/3e8d065d-fa2f-4f88-be06-0655491766d4","level":"error"}
{"message":"Unauthorized request to path: /card/3e8d065d-fa2f-4f88-be06-0655491766d4","level":"error"}
{"message":"Unauthorized request to path: /card/3e8d065d-fa2f-4f88-be06-0655491766d4","level":"error"}
{"message":"Unauthorized request to path: /card/3e8d065d-fa2f-4f88-be06-0655491766d4","level":"error"}
{"message":"Card with id 3e8d065d-fa2f-4f88-be06-0655491766d4 not found.","level":"error"}
{"message":"Card with id bbd88bf3-f658-43aa-97ed-f3cc4e77f7c0 created","level":"info"}
{"message":"Card with id 03a25cfa-4a31-4654-b36d-4e2ecd9d2353 created","level":"info"}
{"message":"Card with id 00905462-b8d3-4606-8e76-21080821ef1d created","level":"info"}
{"message":"Card with id 45b091d8-6dee-42f2-989c-2b2007890467 created","level":"info"}
